[2019-02-08 14:06:06,947] multiqc                                            [DEBUG  ]  No MultiQC config found: /usr/lib/python2.7/site-packages/multiqc_config.yaml
[2019-02-08 14:06:06,947] multiqc                                            [DEBUG  ]  No MultiQC config found: /home/REGISTRY/ogbfsrv1/.multiqc_config.yaml
[2019-02-08 14:06:06,948] multiqc                                            [DEBUG  ]  No MultiQC config found: multiqc_config.yaml
[2019-02-08 14:06:06,949] multiqc                                            [DEBUG  ]  Command used: /usr/bin/multiqc . -n OG4339_multiqc-report.html
[2019-02-08 14:06:08,762] multiqc                                            [WARNING]  MultiQC Version v1.7 now available!
[2019-02-08 14:06:08,763] multiqc                                            [INFO   ]  This is MultiQC v1.4
[2019-02-08 14:06:08,763] multiqc                                            [DEBUG  ]  Command     : /usr/bin/multiqc . -n OG4339_multiqc-report.html
[2019-02-08 14:06:08,763] multiqc                                            [DEBUG  ]  Working dir : /mnt/HCS/aozan/fastq/190207_M01795_0652_000000000-D5VHH/OG4339/OG4339_qc
[2019-02-08 14:06:08,763] multiqc                                            [INFO   ]  Template    : default
[2019-02-08 14:06:08,763] multiqc                                            [INFO   ]  Searching '.'
[2019-02-08 14:06:08,763] multiqc                                            [DEBUG  ]  Analysing modules: afterqc, custom_content, conpair, peddy, methylQA, qualimap, preseq, quast, qorts, rna_seqc, rsem, rseqc, busco, goleft_indexcov, disambiguate, supernova, deeptools, sargasso, verifybamid, homer, macs2, theta2, snpeff, gatk, htseq, bcftools, featureCounts, picard, prokka, samblaster, samtools, bamtools, jellyfish, vcftools, bbmap, bismark, hicexplorer, hicup, salmon, kallisto, slamdunk, star, hisat2, tophat, bowtie2, bowtie1, leehom, adapterRemoval, cutadapt, flexbar, trimmomatic, skewer, sortmerna, biobloomtools, fastq_screen, fastqc, clusterflow, bcl2fastq, interop
[2019-02-08 14:06:08,763] multiqc                                            [DEBUG  ]  Using temporary directory for creating report: /tmp/tmpxL0jS8
[2019-02-08 14:06:08,796] multiqc                                            [DEBUG  ]  Ignoring file as matched an ignore pattern: 4339-01-25-01_S1_L001_R1_001_fastqc.html
[2019-02-08 14:06:08,796] multiqc                                            [DEBUG  ]  Ignoring file as matched an ignore pattern: 4339-01-25-01_S1_L001_R2_001_fastqc.html
[2019-02-08 14:06:08,970] multiqc                                            [DEBUG  ]  No samples found: afterqc
[2019-02-08 14:06:08,971] multiqc                                            [DEBUG  ]  No samples found: custom_content
[2019-02-08 14:06:08,972] multiqc                                            [DEBUG  ]  No samples found: conpair
[2019-02-08 14:06:08,973] multiqc                                            [DEBUG  ]  No samples found: peddy
[2019-02-08 14:06:08,973] multiqc                                            [DEBUG  ]  No samples found: methylQA
[2019-02-08 14:06:08,974] multiqc                                            [DEBUG  ]  No samples found: qualimap
[2019-02-08 14:06:08,975] multiqc                                            [DEBUG  ]  No samples found: preseq
[2019-02-08 14:06:08,976] multiqc                                            [DEBUG  ]  No samples found: quast
[2019-02-08 14:06:08,977] multiqc                                            [DEBUG  ]  No samples found: qorts
[2019-02-08 14:06:08,978] multiqc                                            [DEBUG  ]  No samples found: rna_seqc
[2019-02-08 14:06:08,978] multiqc                                            [DEBUG  ]  No samples found: rsem
[2019-02-08 14:06:08,980] multiqc                                            [DEBUG  ]  No samples found: rseqc
[2019-02-08 14:06:08,980] multiqc                                            [DEBUG  ]  No samples found: busco
[2019-02-08 14:06:08,981] multiqc                                            [DEBUG  ]  No samples found: goleft_indexcov
[2019-02-08 14:06:08,982] multiqc                                            [DEBUG  ]  No samples found: disambiguate
[2019-02-08 14:06:08,983] multiqc                                            [DEBUG  ]  No samples found: supernova
[2019-02-08 14:06:08,984] multiqc                                            [DEBUG  ]  No samples found: deeptools
[2019-02-08 14:06:08,984] multiqc                                            [DEBUG  ]  No samples found: sargasso
[2019-02-08 14:06:08,985] multiqc                                            [DEBUG  ]  No samples found: verifybamid
[2019-02-08 14:06:08,986] multiqc                                            [DEBUG  ]  No samples found: homer
[2019-02-08 14:06:08,987] multiqc                                            [DEBUG  ]  No samples found: macs2
[2019-02-08 14:06:08,987] multiqc                                            [DEBUG  ]  No samples found: theta2
[2019-02-08 14:06:08,988] multiqc                                            [DEBUG  ]  No samples found: snpeff
[2019-02-08 14:06:08,990] multiqc                                            [DEBUG  ]  No samples found: gatk
[2019-02-08 14:06:08,990] multiqc                                            [DEBUG  ]  No samples found: htseq
[2019-02-08 14:06:08,991] multiqc                                            [DEBUG  ]  No samples found: bcftools
[2019-02-08 14:06:08,992] multiqc                                            [DEBUG  ]  No samples found: featureCounts
[2019-02-08 14:06:08,994] multiqc                                            [DEBUG  ]  No samples found: picard
[2019-02-08 14:06:08,994] multiqc                                            [DEBUG  ]  No samples found: prokka
[2019-02-08 14:06:08,995] multiqc                                            [DEBUG  ]  No samples found: samblaster
[2019-02-08 14:06:08,996] multiqc                                            [DEBUG  ]  No samples found: samtools
[2019-02-08 14:06:08,997] multiqc                                            [DEBUG  ]  No samples found: bamtools
[2019-02-08 14:06:08,997] multiqc                                            [DEBUG  ]  No samples found: jellyfish
[2019-02-08 14:06:08,998] multiqc                                            [DEBUG  ]  No samples found: vcftools
[2019-02-08 14:06:09,000] multiqc                                            [DEBUG  ]  No samples found: bbmap
[2019-02-08 14:06:09,001] multiqc                                            [DEBUG  ]  No samples found: bismark
[2019-02-08 14:06:09,002] multiqc                                            [DEBUG  ]  No samples found: hicexplorer
[2019-02-08 14:06:09,002] multiqc                                            [DEBUG  ]  No samples found: hicup
[2019-02-08 14:06:09,003] multiqc                                            [DEBUG  ]  No samples found: salmon
[2019-02-08 14:06:09,004] multiqc                                            [DEBUG  ]  No samples found: kallisto
[2019-02-08 14:06:09,004] multiqc                                            [DEBUG  ]  No samples found: slamdunk
[2019-02-08 14:06:09,005] multiqc                                            [DEBUG  ]  No samples found: star
[2019-02-08 14:06:09,006] multiqc                                            [DEBUG  ]  No samples found: hisat2
[2019-02-08 14:06:09,006] multiqc                                            [DEBUG  ]  No samples found: tophat
[2019-02-08 14:06:09,007] multiqc                                            [DEBUG  ]  No samples found: bowtie2
[2019-02-08 14:06:09,008] multiqc                                            [DEBUG  ]  No samples found: bowtie1
[2019-02-08 14:06:09,009] multiqc                                            [DEBUG  ]  No samples found: leehom
[2019-02-08 14:06:09,009] multiqc                                            [DEBUG  ]  No samples found: adapterRemoval
[2019-02-08 14:06:09,010] multiqc                                            [DEBUG  ]  No samples found: cutadapt
[2019-02-08 14:06:09,011] multiqc                                            [DEBUG  ]  No samples found: flexbar
[2019-02-08 14:06:09,011] multiqc                                            [DEBUG  ]  No samples found: trimmomatic
[2019-02-08 14:06:09,012] multiqc                                            [DEBUG  ]  No samples found: skewer
[2019-02-08 14:06:09,013] multiqc                                            [DEBUG  ]  No samples found: sortmerna
[2019-02-08 14:06:09,013] multiqc                                            [DEBUG  ]  No samples found: biobloomtools
[2019-02-08 14:06:09,014] multiqc                                            [DEBUG  ]  No samples found: fastq_screen
[2019-02-08 14:06:09,038] multiqc.modules.fastqc.fastqc                      [INFO   ]  Found 2 reports
[2019-02-08 14:06:09,245] multiqc                                            [DEBUG  ]  No samples found: clusterflow
[2019-02-08 14:06:09,246] multiqc                                            [DEBUG  ]  No samples found: bcl2fastq
[2019-02-08 14:06:09,247] multiqc                                            [DEBUG  ]  No samples found: interop
[2019-02-08 14:06:09,250] multiqc                                            [INFO   ]  Compressing plot data
[2019-02-08 14:06:09,359] multiqc                                            [INFO   ]  Report      : OG4339_multiqc-report.html
[2019-02-08 14:06:09,359] multiqc                                            [INFO   ]  Data        : OG4339_multiqc-report_data
[2019-02-08 14:06:09,364] multiqc                                            [DEBUG  ]  Moving data file from '/tmp/tmpxL0jS8/multiqc_data/multiqc_fastqc.txt' to '/mnt/HCS/aozan/fastq/190207_M01795_0652_000000000-D5VHH/OG4339/OG4339_qc/OG4339_multiqc-report_data'
[2019-02-08 14:06:09,374] multiqc                                            [DEBUG  ]  Moving data file from '/tmp/tmpxL0jS8/multiqc_data/multiqc_general_stats.txt' to '/mnt/HCS/aozan/fastq/190207_M01795_0652_000000000-D5VHH/OG4339/OG4339_qc/OG4339_multiqc-report_data'
[2019-02-08 14:06:09,384] multiqc                                            [DEBUG  ]  Moving data file from '/tmp/tmpxL0jS8/multiqc_data/multiqc_sources.txt' to '/mnt/HCS/aozan/fastq/190207_M01795_0652_000000000-D5VHH/OG4339/OG4339_qc/OG4339_multiqc-report_data'
[2019-02-08 14:06:09,394] multiqc                                            [DEBUG  ]  Moving data file from '/tmp/tmpxL0jS8/multiqc_data/multiqc_data.json' to '/mnt/HCS/aozan/fastq/190207_M01795_0652_000000000-D5VHH/OG4339/OG4339_qc/OG4339_multiqc-report_data'
[2019-02-08 14:06:09,513] multiqc                                            [INFO   ]  MultiQC complete
